<?xml version="1.0" encoding="UTF-8"?>
<testng-results ignored="3" total="4" passed="1" failed="0" skipped="0">
  <reporter-output>
  </reporter-output>
  <suite started-at="2022-12-06T20:05:21 EST" name="Default suite" finished-at="2022-12-06T20:06:05 EST" duration-ms="43306">
    <groups>
    </groups>
    <test started-at="2022-12-06T20:05:21 EST" name="Default test" finished-at="2022-12-06T20:06:05 EST" duration-ms="43306">
      <class name="com.tests.OrangeHRMTest">
        <test-method is-config="true" signature="beforeAllTest()[pri:0, instance:com.tests.OrangeHRMTest@79da1ec0]" started-at="2022-12-06T20:05:21 EST" name="beforeAllTest" finished-at="2022-12-06T20:05:21 EST" duration-ms="8" status="PASS">
          <reporter-output>
          </reporter-output>
        </test-method> <!-- beforeAllTest -->
        <test-method is-config="true" signature="setUp()[pri:0, instance:com.tests.OrangeHRMTest@79da1ec0]" started-at="2022-12-06T20:05:21 EST" name="setUp" finished-at="2022-12-06T20:05:28 EST" duration-ms="6753" status="PASS">
          <reporter-output>
          </reporter-output>
        </test-method> <!-- setUp -->
        <test-method signature="searchUpPeopleInPIM()[pri:0, instance:com.tests.OrangeHRMTest@79da1ec0]" started-at="2022-12-06T20:05:28 EST" name="searchUpPeopleInPIM" finished-at="2022-12-06T20:05:43 EST" duration-ms="15160" status="PASS">
          <reporter-output>
          </reporter-output>
        </test-method> <!-- searchUpPeopleInPIM -->
        <test-method is-config="true" signature="tearDown(org.testng.ITestResult)[pri:0, instance:com.tests.OrangeHRMTest@79da1ec0]" started-at="2022-12-06T20:05:43 EST" name="tearDown" finished-at="2022-12-06T20:06:05 EST" duration-ms="21353" status="PASS">
          <params>
            <param index="0">
              <value>
                <![CDATA[[TestResult name=searchUpPeopleInPIM status=SUCCESS method=OrangeHRMTest.searchUpPeopleInPIM()[pri:0, instance:com.tests.OrangeHRMTest@79da1ec0] output={null}]]]>
              </value>
            </param>
          </params>
          <reporter-output>
          </reporter-output>
        </test-method> <!-- tearDown -->
        <test-method is-config="true" signature="afterAllTest()[pri:0, instance:com.tests.OrangeHRMTest@79da1ec0]" started-at="2022-12-06T20:06:05 EST" name="afterAllTest" finished-at="2022-12-06T20:06:05 EST" duration-ms="0" status="PASS">
          <reporter-output>
          </reporter-output>
        </test-method> <!-- afterAllTest -->
      </class> <!-- com.tests.OrangeHRMTest -->
    </test> <!-- Default test -->
  </suite> <!-- Default suite -->
</testng-results>
