<?xml version="1.0" encoding="UTF-8"?>
<!-- Generated by org.testng.reporters.JUnitXMLReporter -->
<testsuite ignored="3" hostname="Gehazi" failures="0" tests="1" name="Default test" time="43.306" errors="0" timestamp="2022-12-06T20:06:05 EST">
  <testcase classname="com.tests.OrangeHRMTest" name="searchUpPeopleInPIM" time="15.16"/>
  <testcase classname="com.tests.OrangeHRMTest" name="addAnEmployee" time="0.0">
    <ignored/>
  </testcase> <!-- addAnEmployee -->
  <testcase classname="com.tests.OrangeHRMTest" name="searhEditPeople" time="0.0">
    <ignored/>
  </testcase> <!-- searhEditPeople -->
  <testcase classname="com.tests.OrangeHRMTest" name="applyOnLeave" time="0.0">
    <ignored/>
  </testcase> <!-- applyOnLeave -->
</testsuite> <!-- Default test -->
